Logfile initialized
[INFO] logfile = /Users/jasonurton/Desktop/Dropbox/Titanium Studio Workspace/Zen.do/build.log
[DEBUG] /Users/jasonurton/Library/Application Support/Titanium/mobilesdk/osx/1.7.0.RC1/android/builder.py simulator "Zen.do" "/Users/jasonurton/Downloads/android-sdk-mac_86" "/Users/jasonurton/Desktop/Dropbox/Titanium Studio Workspace/Zen.do" "com.jason.summer.test" "11" "HVGA"
[INFO] Building Zen.do for Android ... one moment
[INFO] Titanium SDK version: 1.7.0 (05/15/11 17:26 e6afca8)
[DEBUG] Waiting for device to be ready ...
[TRACE] adb devices returned 0 devices/emulators
[TRACE] adb devices returned 1 devices/emulators
[TRACE] adb devices returned 1 devices/emulators
[TRACE] adb devices returned 1 devices/emulators
[TRACE] adb devices returned 1 devices/emulators
[TRACE] adb devices returned 1 devices/emulators
[TRACE] adb devices returned 1 devices/emulators
[TRACE] adb devices returned 1 devices/emulators
[TRACE] adb devices returned 1 devices/emulators
[TRACE] adb devices returned 1 devices/emulators
[DEBUG] Device connected... (waited 45 seconds)
[DEBUG] waited 45.310484 seconds on emulator to get ready
[INFO] Waiting for the Android Emulator to become available
[ERROR] Timed out waiting for android.process.acore
[DEBUG] com.jason.summer.test installed? False
[WARN] Fastdev enabled, but server isn't running, deploying normally
[INFO] Copying project resources..
[INFO] Detected tiapp.xml change, forcing full re-build...
[TRACE] COPYING CREATED FILE: /Users/jasonurton/Desktop/Dropbox/Titanium Studio Workspace/Zen.do/Resources/android/appicon.png => /Users/jasonurton/Desktop/Dropbox/Titanium Studio Workspace/Zen.do/build/android/bin/assets/Resources/appicon.png
[TRACE] COPYING CREATED FILE: /Users/jasonurton/Desktop/Dropbox/Titanium Studio Workspace/Zen.do/Resources/android/card.png => /Users/jasonurton/Desktop/Dropbox/Titanium Studio Workspace/Zen.do/build/android/bin/assets/Resources/card.png
[TRACE] COPYING CREATED FILE: /Users/jasonurton/Desktop/Dropbox/Titanium Studio Workspace/Zen.do/Resources/android/default.png => /Users/jasonurton/Desktop/Dropbox/Titanium Studio Workspace/Zen.do/build/android/bin/assets/Resources/default.png
[TRACE] COPYING CREATED FILE: /Users/jasonurton/Desktop/Dropbox/Titanium Studio Workspace/Zen.do/Resources/android/folder.png => /Users/jasonurton/Desktop/Dropbox/Titanium Studio Workspace/Zen.do/build/android/bin/assets/Resources/folder.png
[TRACE] COPYING CREATED FILE: /Users/jasonurton/Desktop/Dropbox/Titanium Studio Workspace/Zen.do/Resources/app.js => /Users/jasonurton/Desktop/Dropbox/Titanium Studio Workspace/Zen.do/build/android/bin/assets/Resources/app.js
[TRACE] COPYING CREATED FILE: /Users/jasonurton/Desktop/Dropbox/Titanium Studio Workspace/Zen.do/Resources/checked.png => /Users/jasonurton/Desktop/Dropbox/Titanium Studio Workspace/Zen.do/build/android/bin/assets/Resources/checked.png
[TRACE] COPYING CREATED FILE: /Users/jasonurton/Desktop/Dropbox/Titanium Studio Workspace/Zen.do/Resources/explore.js => /Users/jasonurton/Desktop/Dropbox/Titanium Studio Workspace/Zen.do/build/android/bin/assets/Resources/explore.js
[TRACE] COPYING CREATED FILE: /Users/jasonurton/Desktop/Dropbox/Titanium Studio Workspace/Zen.do/Resources/KS_nav_ui.png => /Users/jasonurton/Desktop/Dropbox/Titanium Studio Workspace/Zen.do/build/android/bin/assets/Resources/KS_nav_ui.png
[TRACE] COPYING CREATED FILE: /Users/jasonurton/Desktop/Dropbox/Titanium Studio Workspace/Zen.do/Resources/KS_nav_views.png => /Users/jasonurton/Desktop/Dropbox/Titanium Studio Workspace/Zen.do/build/android/bin/assets/Resources/KS_nav_views.png
[TRACE] COPYING CREATED FILE: /Users/jasonurton/Desktop/Dropbox/Titanium Studio Workspace/Zen.do/Resources/notes.js => /Users/jasonurton/Desktop/Dropbox/Titanium Studio Workspace/Zen.do/build/android/bin/assets/Resources/notes.js
[TRACE] COPYING CREATED FILE: /Users/jasonurton/Desktop/Dropbox/Titanium Studio Workspace/Zen.do/Resources/review.js => /Users/jasonurton/Desktop/Dropbox/Titanium Studio Workspace/Zen.do/build/android/bin/assets/Resources/review.js
[TRACE] COPYING CREATED FILE: /Users/jasonurton/Desktop/Dropbox/Titanium Studio Workspace/Zen.do/Resources/test/lib/jasmine-1.0.2.js => /Users/jasonurton/Desktop/Dropbox/Titanium Studio Workspace/Zen.do/build/android/bin/assets/Resources/test/lib/jasmine-1.0.2.js
[TRACE] COPYING CREATED FILE: /Users/jasonurton/Desktop/Dropbox/Titanium Studio Workspace/Zen.do/Resources/test/lib/jasmine-titanium.js => /Users/jasonurton/Desktop/Dropbox/Titanium Studio Workspace/Zen.do/build/android/bin/assets/Resources/test/lib/jasmine-titanium.js
[TRACE] COPYING CREATED FILE: /Users/jasonurton/Desktop/Dropbox/Titanium Studio Workspace/Zen.do/Resources/test/test_main.js => /Users/jasonurton/Desktop/Dropbox/Titanium Studio Workspace/Zen.do/build/android/bin/assets/Resources/test/test_main.js
[TRACE] COPYING CREATED FILE: /Users/jasonurton/Desktop/Dropbox/Titanium Studio Workspace/Zen.do/Resources/test/tests.js => /Users/jasonurton/Desktop/Dropbox/Titanium Studio Workspace/Zen.do/build/android/bin/assets/Resources/test/tests.js
[TRACE] COPYING CREATED FILE: /Users/jasonurton/Desktop/Dropbox/Titanium Studio Workspace/Zen.do/Resources/unchecked.png => /Users/jasonurton/Desktop/Dropbox/Titanium Studio Workspace/Zen.do/build/android/bin/assets/Resources/unchecked.png
[TRACE] COPYING CREATED FILE: /Users/jasonurton/Desktop/Dropbox/Titanium Studio Workspace/Zen.do/Resources/urbanairship.js => /Users/jasonurton/Desktop/Dropbox/Titanium Studio Workspace/Zen.do/build/android/bin/assets/Resources/urbanairship.js
[TRACE] Generating Java Classes
[DEBUG] Processing Android resource drawables
[DEBUG] copying app icon: /Users/jasonurton/Desktop/Dropbox/Titanium Studio Workspace/Zen.do/build/android/bin/assets/Resources/appicon.png
[DEBUG] generating theme.xml
[DEBUG] found drawable-long-land-hdpi splash screen at /Users/jasonurton/Desktop/Dropbox/Titanium Studio Workspace/Zen.do/Resources/android/images/res-long-land-hdpi/default.png
[DEBUG] copying /Users/jasonurton/Desktop/Dropbox/Titanium Studio Workspace/Zen.do/Resources/android/images/res-long-land-hdpi/default.png splash screen to /Users/jasonurton/Desktop/Dropbox/Titanium Studio Workspace/Zen.do/build/android/res/drawable-long-land-hdpi/background.png
[DEBUG] found drawable-long-land-ldpi splash screen at /Users/jasonurton/Desktop/Dropbox/Titanium Studio Workspace/Zen.do/Resources/android/images/res-long-land-ldpi/default.png
[DEBUG] copying /Users/jasonurton/Desktop/Dropbox/Titanium Studio Workspace/Zen.do/Resources/android/images/res-long-land-ldpi/default.png splash screen to /Users/jasonurton/Desktop/Dropbox/Titanium Studio Workspace/Zen.do/build/android/res/drawable-long-land-ldpi/background.png
[DEBUG] found drawable-long-port-hdpi splash screen at /Users/jasonurton/Desktop/Dropbox/Titanium Studio Workspace/Zen.do/Resources/android/images/res-long-port-hdpi/default.png
[DEBUG] copying /Users/jasonurton/Desktop/Dropbox/Titanium Studio Workspace/Zen.do/Resources/android/images/res-long-port-hdpi/default.png splash screen to /Users/jasonurton/Desktop/Dropbox/Titanium Studio Workspace/Zen.do/build/android/res/drawable-long-port-hdpi/background.png
[DEBUG] found drawable-long-port-ldpi splash screen at /Users/jasonurton/Desktop/Dropbox/Titanium Studio Workspace/Zen.do/Resources/android/images/res-long-port-ldpi/default.png
[DEBUG] copying /Users/jasonurton/Desktop/Dropbox/Titanium Studio Workspace/Zen.do/Resources/android/images/res-long-port-ldpi/default.png splash screen to /Users/jasonurton/Desktop/Dropbox/Titanium Studio Workspace/Zen.do/build/android/res/drawable-long-port-ldpi/background.png
[DEBUG] found drawable-notlong-land-hdpi splash screen at /Users/jasonurton/Desktop/Dropbox/Titanium Studio Workspace/Zen.do/Resources/android/images/res-notlong-land-hdpi/default.png
[DEBUG] copying /Users/jasonurton/Desktop/Dropbox/Titanium Studio Workspace/Zen.do/Resources/android/images/res-notlong-land-hdpi/default.png splash screen to /Users/jasonurton/Desktop/Dropbox/Titanium Studio Workspace/Zen.do/build/android/res/drawable-notlong-land-hdpi/background.png
[DEBUG] found drawable-notlong-land-ldpi splash screen at /Users/jasonurton/Desktop/Dropbox/Titanium Studio Workspace/Zen.do/Resources/android/images/res-notlong-land-ldpi/default.png
[DEBUG] copying /Users/jasonurton/Desktop/Dropbox/Titanium Studio Workspace/Zen.do/Resources/android/images/res-notlong-land-ldpi/default.png splash screen to /Users/jasonurton/Desktop/Dropbox/Titanium Studio Workspace/Zen.do/build/android/res/drawable-notlong-land-ldpi/background.png
[DEBUG] found drawable-notlong-land-mdpi splash screen at /Users/jasonurton/Desktop/Dropbox/Titanium Studio Workspace/Zen.do/Resources/android/images/res-notlong-land-mdpi/default.png
[DEBUG] copying /Users/jasonurton/Desktop/Dropbox/Titanium Studio Workspace/Zen.do/Resources/android/images/res-notlong-land-mdpi/default.png splash screen to /Users/jasonurton/Desktop/Dropbox/Titanium Studio Workspace/Zen.do/build/android/res/drawable-notlong-land-mdpi/background.png
[DEBUG] found drawable-notlong-port-hdpi splash screen at /Users/jasonurton/Desktop/Dropbox/Titanium Studio Workspace/Zen.do/Resources/android/images/res-notlong-port-hdpi/default.png
[DEBUG] copying /Users/jasonurton/Desktop/Dropbox/Titanium Studio Workspace/Zen.do/Resources/android/images/res-notlong-port-hdpi/default.png splash screen to /Users/jasonurton/Desktop/Dropbox/Titanium Studio Workspace/Zen.do/build/android/res/drawable-notlong-port-hdpi/background.png
[DEBUG] found drawable-notlong-port-ldpi splash screen at /Users/jasonurton/Desktop/Dropbox/Titanium Studio Workspace/Zen.do/Resources/android/images/res-notlong-port-ldpi/default.png
[DEBUG] copying /Users/jasonurton/Desktop/Dropbox/Titanium Studio Workspace/Zen.do/Resources/android/images/res-notlong-port-ldpi/default.png splash screen to /Users/jasonurton/Desktop/Dropbox/Titanium Studio Workspace/Zen.do/build/android/res/drawable-notlong-port-ldpi/background.png
[DEBUG] found drawable-notlong-port-mdpi splash screen at /Users/jasonurton/Desktop/Dropbox/Titanium Studio Workspace/Zen.do/Resources/android/images/res-notlong-port-mdpi/default.png
[DEBUG] copying /Users/jasonurton/Desktop/Dropbox/Titanium Studio Workspace/Zen.do/Resources/android/images/res-notlong-port-mdpi/default.png splash screen to /Users/jasonurton/Desktop/Dropbox/Titanium Studio Workspace/Zen.do/build/android/res/drawable-notlong-port-mdpi/background.png
[DEBUG] found splash screen at /Users/jasonurton/Desktop/Dropbox/Titanium Studio Workspace/Zen.do/build/android/bin/assets/Resources/default.png
[TRACE] Writing out AndroidManifest.xml
[DEBUG] adding /Users/jasonurton/Desktop/Dropbox/Titanium Studio Workspace/Zen.do/build/android/gen/com/jason/summer/test/R.java to javac build list
[DEBUG] adding /Users/jasonurton/Desktop/Dropbox/Titanium Studio Workspace/Zen.do/build/android/gen/com/jason/summer/test/ZenDoActivity.java to javac build list
[DEBUG] adding /Users/jasonurton/Desktop/Dropbox/Titanium Studio Workspace/Zen.do/build/android/gen/com/jason/summer/test/ZenDoAppInfo.java to javac build list
[DEBUG] adding /Users/jasonurton/Desktop/Dropbox/Titanium Studio Workspace/Zen.do/build/android/gen/com/jason/summer/test/ZenDoApplication.java to javac build list
[DEBUG] Building Java Sources: "/Users/jasonurton/Desktop/Dropbox/Titanium Studio Workspace/Zen.do/build/android/gen/com/jason/summer/test/R.java" "/Users/jasonurton/Desktop/Dropbox/Titanium Studio Workspace/Zen.do/build/android/gen/com/jason/summer/test/ZenDoActivity.java" "/Users/jasonurton/Desktop/Dropbox/Titanium Studio Workspace/Zen.do/build/android/gen/com/jason/summer/test/ZenDoAppInfo.java" "/Users/jasonurton/Desktop/Dropbox/Titanium Studio Workspace/Zen.do/build/android/gen/com/jason/summer/test/ZenDoApplication.java"
[INFO] Waiting for SDCard to become available..
[INFO] Compiling Android Resources... This could take some time
[DEBUG] Android classes.dex built
[DEBUG] creating unsigned apk: /Users/jasonurton/Desktop/Dropbox/Titanium Studio Workspace/Zen.do/build/android/bin/app-unsigned.apk
[DEBUG] from resource zip => assets/Resources/test/lib/jasmine-1.0.2.js
[DEBUG] from resource zip => assets/Resources/test/lib/jasmine-titanium.js
[DEBUG] from resource zip => assets/Resources/test/test_main.js
[DEBUG] from resource zip => assets/Resources/test/tests.js
[DEBUG] from resource zip => assets/Resources/KS_nav_ui.png
[DEBUG] from resource zip => assets/Resources/KS_nav_views.png
[DEBUG] from resource zip => assets/Resources/app.js
[DEBUG] from resource zip => assets/Resources/appicon.png
[DEBUG] from resource zip => assets/Resources/card.png
[DEBUG] from resource zip => assets/Resources/checked.png
[DEBUG] from resource zip => assets/Resources/default.png
[DEBUG] from resource zip => assets/Resources/explore.js
[DEBUG] from resource zip => assets/Resources/folder.png
[DEBUG] from resource zip => assets/Resources/notes.js
[DEBUG] from resource zip => assets/Resources/review.js
[DEBUG] from resource zip => assets/Resources/unchecked.png
[DEBUG] from resource zip => assets/Resources/urbanairship.js
[DEBUG] from resource zip => assets/tiapp.xml
[DEBUG] from resource zip => res/drawable/appicon.png
[DEBUG] from resource zip => res/drawable/background.png
[DEBUG] from resource zip => res/layout/titanium_tabgroup.xml
[DEBUG] from resource zip => AndroidManifest.xml
[DEBUG] from resource zip => resources.arsc
[DEBUG] from resource zip => res/drawable-long-land-hdpi/background.png
[DEBUG] from resource zip => res/drawable-long-land-ldpi/background.png
[DEBUG] from resource zip => res/drawable-long-port-hdpi/background.png
[DEBUG] from resource zip => res/drawable-long-port-ldpi/background.png
[DEBUG] from resource zip => res/drawable-notlong-land-hdpi/background.png
[DEBUG] from resource zip => res/drawable-notlong-land-ldpi/background.png
[DEBUG] from resource zip => res/drawable-notlong-land-mdpi/background.png
[DEBUG] from resource zip => res/drawable-notlong-port-hdpi/background.png
[DEBUG] from resource zip => res/drawable-notlong-port-ldpi/background.png
[DEBUG] from resource zip => res/drawable-notlong-port-mdpi/background.png
[DEBUG] from JAR /Users/jasonurton/Library/Application Support/Titanium/mobilesdk/osx/1.7.0.RC1/android/modules/titanium-ui.jar => ti/modules/titanium/ui/widget/webview/binding.js
[DEBUG] from JAR /Users/jasonurton/Library/Application Support/Titanium/mobilesdk/osx/1.7.0.RC1/android/modules/titanium-ui.jar => ti/modules/titanium/ui/widget/webview/binding.min.js
[DEBUG] from JAR /Users/jasonurton/Library/Application Support/Titanium/mobilesdk/osx/1.7.0.RC1/android/modules/titanium-ui.jar => ti/modules/titanium/ui/widget/webview/json2.js
[DEBUG] from JAR /Users/jasonurton/Library/Application Support/Titanium/mobilesdk/osx/1.7.0.RC1/android/titanium.jar => org/apache/Commons-NOTICE.txt
[DEBUG] from JAR /Users/jasonurton/Library/Application Support/Titanium/mobilesdk/osx/1.7.0.RC1/android/titanium.jar => org/apache/HttpComponents-NOTICE.txt
[DEBUG] from JAR /Users/jasonurton/Library/Application Support/Titanium/mobilesdk/osx/1.7.0.RC1/android/titanium.jar => org/apache/mime4j-NOTICE.txt
[DEBUG] from JAR /Users/jasonurton/Library/Application Support/Titanium/mobilesdk/osx/1.7.0.RC1/android/titanium.jar => org/appcelerator/titanium/build.properties
[DEBUG] from JAR /Users/jasonurton/Library/Application Support/Titanium/mobilesdk/osx/1.7.0.RC1/android/titanium.jar => org/appcelerator/titanium/res/drawable/background.png
[DEBUG] from JAR /Users/jasonurton/Library/Application Support/Titanium/mobilesdk/osx/1.7.0.RC1/android/titanium.jar => org/appcelerator/titanium/res/drawable/btn_check_buttonless_on.png
[DEBUG] from JAR /Users/jasonurton/Library/Application Support/Titanium/mobilesdk/osx/1.7.0.RC1/android/titanium.jar => org/appcelerator/titanium/res/drawable/btn_check_buttonless_on_18.png
[DEBUG] from JAR /Users/jasonurton/Library/Application Support/Titanium/mobilesdk/osx/1.7.0.RC1/android/titanium.jar => org/appcelerator/titanium/res/drawable/btn_check_buttonless_on_48.png
[DEBUG] from JAR /Users/jasonurton/Library/Application Support/Titanium/mobilesdk/osx/1.7.0.RC1/android/titanium.jar => org/appcelerator/titanium/res/drawable/btn_more.png
[DEBUG] from JAR /Users/jasonurton/Library/Application Support/Titanium/mobilesdk/osx/1.7.0.RC1/android/titanium.jar => org/appcelerator/titanium/res/drawable/btn_more_18.png
[DEBUG] from JAR /Users/jasonurton/Library/Application Support/Titanium/mobilesdk/osx/1.7.0.RC1/android/titanium.jar => org/appcelerator/titanium/res/drawable/btn_more_48.png
[DEBUG] from JAR /Users/jasonurton/Library/Application Support/Titanium/mobilesdk/osx/1.7.0.RC1/android/titanium.jar => org/appcelerator/titanium/res/drawable/btn_picker_normal.9.png
[DEBUG] from JAR /Users/jasonurton/Library/Application Support/Titanium/mobilesdk/osx/1.7.0.RC1/android/titanium.jar => org/appcelerator/titanium/res/drawable/btn_picker_pressed.9.png
[DEBUG] from JAR /Users/jasonurton/Library/Application Support/Titanium/mobilesdk/osx/1.7.0.RC1/android/titanium.jar => org/appcelerator/titanium/res/drawable/btn_picker_selected.9.png
[DEBUG] from JAR /Users/jasonurton/Library/Application Support/Titanium/mobilesdk/osx/1.7.0.RC1/android/titanium.jar => org/appcelerator/titanium/res/drawable/default_icon.png
[DEBUG] from JAR /Users/jasonurton/Library/Application Support/Titanium/mobilesdk/osx/1.7.0.RC1/android/titanium.jar => org/appcelerator/titanium/res/drawable/photoDefault.png
[DEBUG] from JAR /Users/jasonurton/Library/Application Support/Titanium/mobilesdk/osx/1.7.0.RC1/android/smalljs.jar => org/mozilla/javascript/resources/Messages.properties
[DEBUG] from JAR /Users/jasonurton/Library/Application Support/Titanium/mobilesdk/osx/1.7.0.RC1/android/smalljs.jar => org/mozilla/javascript/resources/Messages_fr.properties
[DEBUG] Waiting for device to be ready ...
[TRACE] adb devices returned 1 devices/emulators
[DEBUG] Device connected... (waited 0 seconds)
[DEBUG] waited 0.053984 seconds on emulator to get ready
[INFO] Installing application on device
[INFO] Launching application ... Zen.do
[TRACE] Launch output: Starting: Intent { act=android.intent.action.MAIN cat=[android.intent.category.LAUNCHER] cmp=com.jason.summer.test/.ZenDoActivity }

[INFO] Deployed Zen.do ... Application should be running.
[INFO] Android Emulator has exited
